<?xml version="1.0" encoding="UTF-8"?>
<!-- Generated by org.testng.reporters.JUnitXMLReporter -->
<testsuite ignored="0" hostname="DESKTOP-FRC4SK8" failures="0" tests="2" name="E2EValidationTest" time="14.991" errors="0" timestamp="2026-03-11T16:33:16 IST">
  <testcase classname="TestNGFramework_OrderSubmitTest.LoginErrorValidationTest" name="loginErrorValidation" time="0.817"/>
  <testcase classname="TestNGFramework_OrderSubmitTest.LoginErrorValidationTest" name="productErrorValidation" time="5.618"/>
</testsuite> <!-- E2EValidationTest -->
