<?xml version="1.0" encoding="UTF-8"?>
<!-- Generated by org.testng.reporters.JUnitXMLReporter -->
<testsuite ignored="0" hostname="DESKTOP-FRC4SK8" failures="0" tests="2" name="E2EValidationTest" time="19.357" errors="0" timestamp="2026-03-01T18:12:12 IST">
  <testcase classname="E2EFrameworkTest.LoginErrorValidationTest" name="loginErrorValidation" time="1.447"/>
  <testcase classname="E2EFrameworkTest.LoginErrorValidationTest" name="productErrorValidation" time="5.696"/>
</testsuite> <!-- E2EValidationTest -->
