<?xml version="1.0" encoding="UTF-8"?>
<testsuite xmlns:xsi="http://www.w3.org/2001/XMLSchema-instance" xsi:noNamespaceSchemaLocation="https://maven.apache.org/surefire/maven-surefire-plugin/xsd/surefire-test-report-3.0.xsd" version="3.0" name="CucumberRunner.TestNgRunner" time="0.782" tests="3" errors="0" skipped="0" failures="0">
  <properties>
[...]
</properties>
  <testcase name="runScenario[&quot;Admin pade default login&quot;, &quot;Application Login&quot;](1)" classname="CucumberRunner.TestNgRunner" time="0.093">
    <system-out><![CDATA[RunHook BEFORE from StepDefinitions package
launch browser
banking home page url
user landed on net banking page
Username: admin and Password: 1234
home page is displayed
cards are displayed
]]></system-out>
    <system-err><![CDATA[SLF4J(W): No SLF4J providers were found.
SLF4J(W): Defaulting to no-operation (NOP) logger implementation
SLF4J(W): See https://www.slf4j.org/codes.html#noProviders for further details.
]]></system-err>
  </testcase>
  <testcase name="runScenario[&quot;Admin pade default login&quot;, &quot;Application Login&quot;](2)" classname="CucumberRunner.TestNgRunner" time="0.004">
    <system-out><![CDATA[RunHook BEFORE from StepDefinitions package
launch browser
banking home page url
user landed on net banking page
Username: user and Password: 5678
home page is displayed
cards are displayed
]]></system-out>
  </testcase>
  <testcase name="runScenario[&quot;User Page Sign Up&quot;, &quot;Application Login&quot;](3)" classname="CucumberRunner.TestNgRunner" time="0.012">
    <system-out><![CDATA[RunHook BEFORE from StepDefinitions package
launch browser
banking home page url
user is on practice page
FirstName: Rahul
LastName: Shetty
Email: ahha@gmail.com
PhoneNo: 9933476778
home page is displayed
cards are displayed
]]></system-out>
  </testcase>
</testsuite>