<?xml version="1.0" encoding="UTF-8"?>
<testsuite xmlns:xsi="http://www.w3.org/2001/XMLSchema-instance" xsi:noNamespaceSchemaLocation="https://maven.apache.org/surefire/maven-surefire-plugin/xsd/surefire-test-report.xsd" version="3.0.2" name="TestSuite" time="149.851" tests="11" errors="0" skipped="0" failures="3" flakes="0">
  <properties>
[...]
</properties>
  <testcase name="runScenario[&quot;Admin page default login&quot;, &quot;Application Login&quot;](1)" classname="CucumberRunner.ApplicationLoginRunner" time="0.173">
    <system-out><![CDATA[Setting up properties file

@AppLogin
Scenario Outline: Admin page default login                                      # file:///C:/Users/MSUSERSL123/eclipse-workspace/SeleniumTutorial/src/test/java/FeatureFiles/ApplicationLogin.feature:20
Setting up browser
BeforeStep Admin page default login
launch browser
  ✔ And User launch browser                                                     # StepDefinitions.ApplicationLoginSteps.user_launch_browser()
AfterStep Admin page default login
BeforeStep Admin page default login
banking home page url
  ✔ And Hit banking home page url                                               # StepDefinitions.ApplicationLoginSteps.hit_banking_home_page_url()
AfterStep Admin page default login
BeforeStep Admin page default login
user landed on net banking page
  ✔ Given User is on NetBanking landing page                                    # StepDefinitions.ApplicationLoginSteps.user_is_on_net_banking_landing_page()
AfterStep Admin page default login
BeforeStep Admin page default login
Username: admin and Password: 1234
  ✔ When User logged in to banking application with "admin" and password "1234" # StepDefinitions.ApplicationLoginSteps.user_logged_in_to_banking_application(java.lang.String,java.lang.String)
AfterStep Admin page default login
BeforeStep Admin page default login
home page is displayed
  ✔ Then Home Page is displayed                                                 # StepDefinitions.ApplicationLoginSteps.home_page_is_displayed()
AfterStep Admin page default login
BeforeStep Admin page default login
cards are displayed
  ✔ And Cards are displayed                                                     # StepDefinitions.ApplicationLoginSteps.cards_are_displayed()
AfterStep Admin page default login
Closing browser
]]></system-out>
    <system-err><![CDATA[SLF4J(W): No SLF4J providers were found.
SLF4J(W): Defaulting to no-operation (NOP) logger implementation
SLF4J(W): See https://www.slf4j.org/codes.html#noProviders for further details.
]]></system-err>
  </testcase>
  <testcase name="runScenario[&quot;Admin page default login&quot;, &quot;Application Login&quot;](2)" classname="CucumberRunner.ApplicationLoginRunner" time="0.029">
    <system-out><![CDATA[
@AppLogin
Scenario Outline: Admin page default login                                     # file:///C:/Users/MSUSERSL123/eclipse-workspace/SeleniumTutorial/src/test/java/FeatureFiles/ApplicationLogin.feature:21
Setting up browser
BeforeStep Admin page default login
launch browser
  ✔ And User launch browser                                                    # StepDefinitions.ApplicationLoginSteps.user_launch_browser()
AfterStep Admin page default login
BeforeStep Admin page default login
banking home page url
  ✔ And Hit banking home page url                                              # StepDefinitions.ApplicationLoginSteps.hit_banking_home_page_url()
AfterStep Admin page default login
BeforeStep Admin page default login
user landed on net banking page
  ✔ Given User is on NetBanking landing page                                   # StepDefinitions.ApplicationLoginSteps.user_is_on_net_banking_landing_page()
AfterStep Admin page default login
BeforeStep Admin page default login
Username: user and Password: 5678
  ✔ When User logged in to banking application with "user" and password "5678" # StepDefinitions.ApplicationLoginSteps.user_logged_in_to_banking_application(java.lang.String,java.lang.String)
AfterStep Admin page default login
BeforeStep Admin page default login
home page is displayed
  ✔ Then Home Page is displayed                                                # StepDefinitions.ApplicationLoginSteps.home_page_is_displayed()
AfterStep Admin page default login
BeforeStep Admin page default login
cards are displayed
  ✔ And Cards are displayed                                                    # StepDefinitions.ApplicationLoginSteps.cards_are_displayed()
AfterStep Admin page default login
Closing browser
]]></system-out>
  </testcase>
  <testcase name="runScenario[&quot;User Page Sign Up&quot;, &quot;Application Login&quot;](3)" classname="CucumberRunner.ApplicationLoginRunner" time="0.053">
    <system-out><![CDATA[
@AppLogin @PracticeLogin
Scenario: User Page Sign Up                # file:///C:/Users/MSUSERSL123/eclipse-workspace/SeleniumTutorial/src/test/java/FeatureFiles/ApplicationLogin.feature:24
Setting up Database
Setting up browser
BeforeStep User Page Sign Up
launch browser
  ✔ And User launch browser                # StepDefinitions.ApplicationLoginSteps.user_launch_browser()
AfterStep User Page Sign Up
BeforeStep User Page Sign Up
banking home page url
  ✔ And Hit banking home page url          # StepDefinitions.ApplicationLoginSteps.hit_banking_home_page_url()
AfterStep User Page Sign Up
BeforeStep User Page Sign Up
user is on practice page
  ✔ Given User is on Practice landing page # StepDefinitions.ApplicationLoginSteps.user_is_on_practice_landing_page()
AfterStep User Page Sign Up
BeforeStep User Page Sign Up
FirstName: Rahul
LastName: Shetty
Email: ahha@gmail.com
PhoneNo: 9933476778
  ✔ When User Signup into application      # StepDefinitions.ApplicationLoginSteps.user_signup_into_application(io.cucumber.datatable.DataTable)
      | FirstName | LastName | Email          | PhoneNo    |
      | Rahul     | Shetty   | ahha@gmail.com | 9933476778 |
AfterStep User Page Sign Up
BeforeStep User Page Sign Up
home page is displayed
  ✔ Then Home Page is displayed            # StepDefinitions.ApplicationLoginSteps.home_page_is_displayed()
AfterStep User Page Sign Up
BeforeStep User Page Sign Up
cards are displayed
  ✔ And Cards are displayed                # StepDefinitions.ApplicationLoginSteps.cards_are_displayed()
AfterStep User Page Sign Up
Closing browser
]]></system-out>
  </testcase>
  <testcase name="runScenario[&quot;Submitting Order&quot;, &quot;Purchase Order on Ecomm Site&quot;](1)" classname="CucumberRunner.E2EOrderSubmitRunner" time="21.31">
    <failure message="expected [THANKYOU FOR THE ORDER.] but found [THANKYOU FOR THE ORDER1.]" type="java.lang.AssertionError"><![CDATA[java.lang.AssertionError: expected [THANKYOU FOR THE ORDER.] but found [THANKYOU FOR THE ORDER1.]
	at org.testng.Assert.fail(Assert.java:111)
	at org.testng.Assert.failNotEquals(Assert.java:1590)
	at org.testng.Assert.assertEqualsImpl(Assert.java:150)
	at org.testng.Assert.assertEquals(Assert.java:132)
	at org.testng.Assert.assertEquals(Assert.java:656)
	at org.testng.Assert.assertEquals(Assert.java:666)
	at StepDefinitions.OrderSubmitSteps.verifyConfirmationMessage(OrderSubmitSteps.java:92)
	at ✽."THANKYOU FOR THE ORDER1." message displayed on confirmation page(file:///C:/Users/MSUSERSL123/eclipse-workspace/SeleniumTutorial/src/test/java/FeatureFiles/OrderSubmit.feature:25)
]]></failure>
    <system-out><![CDATA[Setting up properties file
Launching Browser Submitting Order
BeforeStep Submitting Order
AfterStep Submitting Order
BeforeStep Submitting Order
AfterStep Submitting Order
BeforeStep Submitting Order
AfterStep Submitting Order
BeforeStep Submitting Order
AfterStep Submitting Order
BeforeStep Submitting Order
AfterStep Submitting Order
BeforeStep Submitting Order
AfterStep Submitting Order
closing browser Submitting Order
]]></system-out>
  </testcase>
  <testcase name="runScenario[&quot;Login Error Validation&quot;, &quot;Purchase Order on Ecomm Site&quot;](2)" classname="CucumberRunner.E2EOrderSubmitRunner" time="11.13">
    <system-out><![CDATA[Launching Browser Login Error Validation
BeforeStep Login Error Validation
AfterStep Login Error Validation
BeforeStep Login Error Validation
AfterStep Login Error Validation
closing browser Login Error Validation
]]></system-out>
  </testcase>
  <testcase name="runScenario[&quot;Search Experience in both Home and Offers Page&quot;, &quot;Search and Place Order from GreenKart&quot;](1)" classname="CucumberRunner.GreenKartFailedRunner" time="46.026">
    <system-out><![CDATA[Setting up properties file
BeforeStep Search Experience in both Home and Offers Page
AfterStep Search Experience in both Home and Offers Page
BeforeStep Search Experience in both Home and Offers Page
Tomato
AfterStep Search Experience in both Home and Offers Page
BeforeStep Search Experience in both Home and Offers Page
AfterStep Search Experience in both Home and Offers Page
BeforeStep Search Experience in both Home and Offers Page
AfterStep Search Experience in both Home and Offers Page
BeforeStep Search Experience in both Home and Offers Page
AfterStep Search Experience in both Home and Offers Page
BeforeStep CheckOut Product
AfterStep CheckOut Product
BeforeStep CheckOut Product
Tomato
AfterStep CheckOut Product
BeforeStep CheckOut Product
AfterStep CheckOut Product
BeforeStep CheckOut Product
BeforeStep Search Experience in both Home and Offers Page
AfterStep Search Experience in both Home and Offers Page
BeforeStep Search Experience in both Home and Offers Page
AfterStep CheckOut Product
BeforeStep CheckOut Product
Beetroot
AfterStep Search Experience in both Home and Offers Page
BeforeStep Search Experience in both Home and Offers Page
]]></system-out>
  </testcase>
  <testcase name="runScenario[&quot;CheckOut Product&quot;, &quot;Search and Place Order from GreenKart&quot;](2)" classname="CucumberRunner.GreenKartFailedRunner" time="58.006">
    <system-out><![CDATA[AfterStep CheckOut Product
BeforeStep CheckOut Product
AfterStep Search Experience in both Home and Offers Page
BeforeStep Search Experience in both Home and Offers Page
AfterStep CheckOut Product
BeforeStep CheckOut Product
AfterStep Search Experience in both Home and Offers Page
BeforeStep Search Experience in both Home and Offers Page
AfterStep CheckOut Product
AfterStep Search Experience in both Home and Offers Page
]]></system-out>
  </testcase>
  <testcase name="runScenario[&quot;Search Experience in both Home and Offers Page&quot;, &quot;Search and Place Order from GreenKart&quot;](3)" classname="CucumberRunner.GreenKartFailedRunner" time="58.037">
    <failure message="expected [Beetroot] but found [No data]" type="java.lang.AssertionError"><![CDATA[java.lang.AssertionError: expected [Beetroot] but found [No data]
	at org.testng.Assert.fail(Assert.java:111)
	at org.testng.Assert.failNotEquals(Assert.java:1590)
	at org.testng.Assert.assertEqualsImpl(Assert.java:150)
	at org.testng.Assert.assertEquals(Assert.java:132)
	at org.testng.Assert.assertEquals(Assert.java:656)
	at org.testng.Assert.assertEquals(Assert.java:666)
	at StepDefinitions.GreenKartOffersPageSteps.check_product_exists(GreenKartOffersPageSteps.java:40)
	at ✽.Check product exists(file:///C:/Users/MSUSERSL123/eclipse-workspace/SeleniumTutorial/src/test/java/FeatureFiles/SearchGreenKartProduct.feature:11)
]]></failure>
  </testcase>
  <testcase name="runScenario[&quot;CheckOut Product&quot;, &quot;Search and Place Order from GreenKart&quot;](1)" classname="CucumberRunner.GreenKartRunner" time="54.711">
    <system-out><![CDATA[Setting up properties file
BeforeStep Search Experience in both Home and Offers Page
BeforeStep CheckOut Product
AfterStep CheckOut Product
BeforeStep CheckOut Product
AfterStep Search Experience in both Home and Offers Page
BeforeStep Search Experience in both Home and Offers Page
Tomato
AfterStep CheckOut Product
BeforeStep CheckOut Product
AfterStep CheckOut Product
BeforeStep CheckOut Product
AfterStep CheckOut Product
BeforeStep CheckOut Product
AfterStep CheckOut Product
BeforeStep CheckOut Product
AfterStep CheckOut Product
BeforeStep CheckOut Product
AfterStep CheckOut Product
Tomato
AfterStep Search Experience in both Home and Offers Page
BeforeStep Search Experience in both Home and Offers Page
AfterStep Search Experience in both Home and Offers Page
BeforeStep Search Experience in both Home and Offers Page
AfterStep Search Experience in both Home and Offers Page
BeforeStep Search Experience in both Home and Offers Page
AfterStep Search Experience in both Home and Offers Page
BeforeStep Search Experience in both Home and Offers Page
AfterStep Search Experience in both Home and Offers Page
BeforeStep Search Experience in both Home and Offers Page
Beetroot
AfterStep Search Experience in both Home and Offers Page
BeforeStep Search Experience in both Home and Offers Page
AfterStep Search Experience in both Home and Offers Page
BeforeStep Search Experience in both Home and Offers Page
AfterStep Search Experience in both Home and Offers Page
BeforeStep Search Experience in both Home and Offers Page
AfterStep Search Experience in both Home and Offers Page
]]></system-out>
  </testcase>
  <testcase name="runScenario[&quot;Search Experience in both Home and Offers Page&quot;, &quot;Search and Place Order from GreenKart&quot;](2)" classname="CucumberRunner.GreenKartRunner" time="55.099"/>
  <testcase name="runScenario[&quot;Search Experience in both Home and Offers Page&quot;, &quot;Search and Place Order from GreenKart&quot;](3)" classname="CucumberRunner.GreenKartRunner" time="55.676">
    <failure message="expected [Beetroot] but found [No data]" type="java.lang.AssertionError"><![CDATA[java.lang.AssertionError: expected [Beetroot] but found [No data]
	at org.testng.Assert.fail(Assert.java:111)
	at org.testng.Assert.failNotEquals(Assert.java:1590)
	at org.testng.Assert.assertEqualsImpl(Assert.java:150)
	at org.testng.Assert.assertEquals(Assert.java:132)
	at org.testng.Assert.assertEquals(Assert.java:656)
	at org.testng.Assert.assertEquals(Assert.java:666)
	at StepDefinitions.GreenKartOffersPageSteps.check_product_exists(GreenKartOffersPageSteps.java:40)
	at ✽.Check product exists(file:///C:/Users/MSUSERSL123/eclipse-workspace/SeleniumTutorial/src/test/java/FeatureFiles/SearchGreenKartProduct.feature:11)
]]></failure>
  </testcase>
</testsuite>