<?xml version="1.0" encoding="UTF-8"?>
<testsuite xmlns:xsi="http://www.w3.org/2001/XMLSchema-instance" xsi:noNamespaceSchemaLocation="https://maven.apache.org/surefire/maven-surefire-plugin/xsd/surefire-test-report.xsd" version="3.0.2" name="TestSuite" time="53.767" tests="5" errors="0" skipped="0" failures="3" flakes="0">
  <properties>
[...]
</properties>
  <testcase name="runScenario[&quot;CheckOut Product&quot;, &quot;Search and Place Order from GreenKart&quot;](1)" classname="CucumberRunner.GreenKartFailedRunner" time="18.997">
    <system-out><![CDATA[Setting up properties file
Setting up properties file
Setting up properties file
BeforeStep CheckOut Product
AfterStep CheckOut Product
BeforeStep CheckOut Product
Tomato
AfterStep CheckOut Product
BeforeStep CheckOut Product
AfterStep CheckOut Product
BeforeStep CheckOut Product
AfterStep CheckOut Product
BeforeStep CheckOut Product
AfterStep CheckOut Product
BeforeStep CheckOut Product
AfterStep CheckOut Product
BeforeStep CheckOut Product
AfterStep CheckOut Product
BeforeStep Search Experience in both Home and Offers Page
AfterStep Search Experience in both Home and Offers Page
BeforeStep Search Experience in both Home and Offers Page
Beetroot
AfterStep Search Experience in both Home and Offers Page
BeforeStep Search Experience in both Home and Offers Page
]]></system-out>
    <system-err><![CDATA[SLF4J(W): No SLF4J providers were found.
SLF4J(W): Defaulting to no-operation (NOP) logger implementation
SLF4J(W): See https://www.slf4j.org/codes.html#noProviders for further details.
]]></system-err>
  </testcase>
  <testcase name="runScenario[&quot;Search Experience in both Home and Offers Page&quot;, &quot;Search and Place Order from GreenKart&quot;](2)" classname="CucumberRunner.GreenKartFailedRunner" time="21.063">
    <failure message="expected [Beetroot] but found [No data]" type="java.lang.AssertionError"><![CDATA[java.lang.AssertionError: expected [Beetroot] but found [No data]
	at org.testng.Assert.fail(Assert.java:111)
	at org.testng.Assert.failNotEquals(Assert.java:1590)
	at org.testng.Assert.assertEqualsImpl(Assert.java:150)
	at org.testng.Assert.assertEquals(Assert.java:132)
	at org.testng.Assert.assertEquals(Assert.java:656)
	at org.testng.Assert.assertEquals(Assert.java:666)
	at StepDefinitions.GreenKartOffersPageSteps.check_product_exists(GreenKartOffersPageSteps.java:40)
	at ✽.Check product exists(file:///c:/Users/MSUSERSL123/eclipse-workspace/SeleniumTutorial/src/test/java/FeatureFiles/SearchGreenKartProduct.feature:11)
]]></failure>
    <system-out><![CDATA[AfterStep Search Experience in both Home and Offers Page
BeforeStep Search Experience in both Home and Offers Page
AfterStep Search Experience in both Home and Offers Page
BeforeStep Search Experience in both Home and Offers Page
AfterStep Search Experience in both Home and Offers Page
]]></system-out>
  </testcase>
  <testcase name="runScenario[&quot;Search Experience in both Home and Offers Page&quot;, &quot;Search and Place Order from GreenKart&quot;](1)" classname="CucumberRunner.GreenKartRunner" time="24.991">
    <failure message="expected [Beetroot] but found [No data]" type="java.lang.AssertionError"><![CDATA[java.lang.AssertionError: expected [Beetroot] but found [No data]
	at org.testng.Assert.fail(Assert.java:111)
	at org.testng.Assert.failNotEquals(Assert.java:1590)
	at org.testng.Assert.assertEqualsImpl(Assert.java:150)
	at org.testng.Assert.assertEquals(Assert.java:132)
	at org.testng.Assert.assertEquals(Assert.java:656)
	at org.testng.Assert.assertEquals(Assert.java:666)
	at StepDefinitions.GreenKartOffersPageSteps.check_product_exists(GreenKartOffersPageSteps.java:40)
	at ✽.Check product exists(file:///c:/Users/MSUSERSL123/eclipse-workspace/SeleniumTutorial/src/test/java/FeatureFiles/SearchGreenKartProduct.feature:11)
]]></failure>
    <system-out><![CDATA[Setting up properties file
BeforeStep Search Experience in both Home and Offers Page
AfterStep Search Experience in both Home and Offers Page
BeforeStep Search Experience in both Home and Offers Page
Beetroot
AfterStep Search Experience in both Home and Offers Page
BeforeStep Search Experience in both Home and Offers Page
AfterStep Search Experience in both Home and Offers Page
BeforeStep Search Experience in both Home and Offers Page
AfterStep Search Experience in both Home and Offers Page
BeforeStep Search Experience in both Home and Offers Page
AfterStep Search Experience in both Home and Offers Page
BeforeStep CheckOut Product
AfterStep CheckOut Product
BeforeStep CheckOut Product
]]></system-out>
  </testcase>
  <testcase name="runScenario[&quot;Search Experience in both Home and Offers Page&quot;, &quot;Search and Place Order from GreenKart&quot;](2)" classname="CucumberRunner.GreenKartRunner" time="30.813">
    <failure message="Navigation timed out after 20000 ms&#10;Build info: version: &apos;4.40.0&apos;, revision: &apos;b3333f1&apos;&#10;System info: os.name: &apos;Windows 11&apos;, os.arch: &apos;amd64&apos;, os.version: &apos;10.0&apos;, java.version: &apos;21.0.8&apos;&#10;Driver info: org.openqa.selenium.firefox.FirefoxDriver&#10;Command: [1c4d0fc1-0004-45bf-bb26-cd504c59befa, get {url=https://rahulshettyacademy.com/seleniumPractise/#/}]&#10;Capabilities {acceptInsecureCerts: true, browserName: firefox, browserVersion: 148.0, moz:accessibilityChecks: false, moz:buildID: 20260216153405, moz:geckodriverVersion: 0.36.0, moz:headless: false, moz:platformVersion: 10.0, moz:processID: 348, moz:profile: C:\Users\MSUSER~1\AppData\L..., moz:shutdownTimeout: 60000, moz:webdriverClick: true, moz:windowless: false, pageLoadStrategy: normal, platformName: windows, proxy: Proxy(), setWindowRect: true, strictFileInteractability: false, timeouts: {implicit: 0, pageLoad: 300000, script: 30000}, unhandledPromptBehavior: dismiss and notify, userAgent: Mozilla/5.0 (Windows NT 10....}&#10;Session ID: 1c4d0fc1-0004-45bf-bb26-cd504c59befa" type="org.openqa.selenium.TimeoutException"><![CDATA[org.openqa.selenium.TimeoutException: 
Navigation timed out after 20000 ms
Build info: version: '4.40.0', revision: 'b3333f1'
System info: os.name: 'Windows 11', os.arch: 'amd64', os.version: '10.0', java.version: '21.0.8'
Driver info: org.openqa.selenium.firefox.FirefoxDriver
Command: [1c4d0fc1-0004-45bf-bb26-cd504c59befa, get {url=https://rahulshettyacademy.com/seleniumPractise/#/}]
Capabilities {acceptInsecureCerts: true, browserName: firefox, browserVersion: 148.0, moz:accessibilityChecks: false, moz:buildID: 20260216153405, moz:geckodriverVersion: 0.36.0, moz:headless: false, moz:platformVersion: 10.0, moz:processID: 348, moz:profile: C:\Users\MSUSER~1\AppData\L..., moz:shutdownTimeout: 60000, moz:webdriverClick: true, moz:windowless: false, pageLoadStrategy: normal, platformName: windows, proxy: Proxy(), setWindowRect: true, strictFileInteractability: false, timeouts: {implicit: 0, pageLoad: 300000, script: 30000}, unhandledPromptBehavior: dismiss and notify, userAgent: Mozilla/5.0 (Windows NT 10....}
Session ID: 1c4d0fc1-0004-45bf-bb26-cd504c59befa
	at org.openqa.selenium.remote.ErrorCodec.decode(ErrorCodec.java:169)
	at org.openqa.selenium.remote.codec.w3c.W3CHttpResponseCodec.decode(W3CHttpResponseCodec.java:142)
	at org.openqa.selenium.remote.codec.w3c.W3CHttpResponseCodec.decode(W3CHttpResponseCodec.java:49)
	at org.openqa.selenium.remote.HttpCommandExecutor.execute(HttpCommandExecutor.java:223)
	at org.openqa.selenium.remote.service.DriverCommandExecutor.invokeExecute(DriverCommandExecutor.java:216)
	at org.openqa.selenium.remote.service.DriverCommandExecutor.execute(DriverCommandExecutor.java:174)
	at org.openqa.selenium.remote.RemoteWebDriver.execute(RemoteWebDriver.java:601)
	at org.openqa.selenium.remote.RemoteWebDriver.get(RemoteWebDriver.java:369)
	at MyHooks.GreenKartHooks.setUp(GreenKartHooks.java:35)
]]></failure>
    <system-out><![CDATA[Tomato
AfterStep CheckOut Product
BeforeStep CheckOut Product
AfterStep CheckOut Product
BeforeStep CheckOut Product
AfterStep CheckOut Product
BeforeStep CheckOut Product
AfterStep CheckOut Product
BeforeStep CheckOut Product
AfterStep CheckOut Product
BeforeStep CheckOut Product
AfterStep CheckOut Product
]]></system-out>
  </testcase>
  <testcase name="runScenario[&quot;CheckOut Product&quot;, &quot;Search and Place Order from GreenKart&quot;](3)" classname="CucumberRunner.GreenKartRunner" time="30.881"/>
</testsuite>