<?xml version="1.0" encoding="UTF-8"?>
<testng-results ignored="0" total="2" passed="2" failed="0" skipped="0">
  <reporter-output>
  </reporter-output>
  <suite started-at="2026-03-11T16:33:00 IST" name="TestNG Session" finished-at="2026-03-11T16:33:15 IST" duration-ms="14991">
    <groups>
    </groups>
    <test started-at="2026-03-11T16:33:00 IST" name="E2EValidationTest" finished-at="2026-03-11T16:33:15 IST" duration-ms="14991">
      <class name="TestNGFramework_OrderSubmitTest.LoginErrorValidationTest">
        <test-method is-config="true" signature="setUpMethod()[pri:0, instance:TestNGFramework_OrderSubmitTest.LoginErrorValidationTest@dd8ba08]" started-at="2026-03-11T16:33:01 IST" name="setUpMethod" finished-at="2026-03-11T16:33:06 IST" duration-ms="4871" status="PASS">
          <reporter-output>
          </reporter-output>
        </test-method> <!-- setUpMethod -->
        <test-method signature="loginErrorValidation()[pri:0, instance:TestNGFramework_OrderSubmitTest.LoginErrorValidationTest@dd8ba08]" started-at="2026-03-11T16:33:06 IST" name="loginErrorValidation" finished-at="2026-03-11T16:33:06 IST" duration-ms="817" status="PASS">
          <reporter-output>
          </reporter-output>
        </test-method> <!-- loginErrorValidation -->
        <test-method is-config="true" signature="tearDown()[pri:0, instance:TestNGFramework_OrderSubmitTest.LoginErrorValidationTest@dd8ba08]" started-at="2026-03-11T16:33:06 IST" name="tearDown" finished-at="2026-03-11T16:33:07 IST" duration-ms="514" status="PASS">
          <reporter-output>
          </reporter-output>
        </test-method> <!-- tearDown -->
        <test-method is-config="true" signature="setUpMethod()[pri:0, instance:TestNGFramework_OrderSubmitTest.LoginErrorValidationTest@dd8ba08]" started-at="2026-03-11T16:33:07 IST" name="setUpMethod" finished-at="2026-03-11T16:33:09 IST" duration-ms="2128" status="PASS">
          <reporter-output>
          </reporter-output>
        </test-method> <!-- setUpMethod -->
        <test-method signature="productErrorValidation()[pri:0, instance:TestNGFramework_OrderSubmitTest.LoginErrorValidationTest@dd8ba08]" started-at="2026-03-11T16:33:09 IST" name="productErrorValidation" finished-at="2026-03-11T16:33:15 IST" duration-ms="5618" status="PASS">
          <reporter-output>
          </reporter-output>
        </test-method> <!-- productErrorValidation -->
        <test-method is-config="true" signature="tearDown()[pri:0, instance:TestNGFramework_OrderSubmitTest.LoginErrorValidationTest@dd8ba08]" started-at="2026-03-11T16:33:15 IST" name="tearDown" finished-at="2026-03-11T16:33:15 IST" duration-ms="534" status="PASS">
          <reporter-output>
          </reporter-output>
        </test-method> <!-- tearDown -->
      </class> <!-- TestNGFramework_OrderSubmitTest.LoginErrorValidationTest -->
    </test> <!-- E2EValidationTest -->
  </suite> <!-- TestNG Session -->
</testng-results>
