<?xml version="1.0" encoding="UTF-8"?>
<testng-results ignored="0" total="2" passed="2" failed="0" skipped="0">
  <reporter-output>
  </reporter-output>
  <suite started-at="2026-03-11T16:52:42 IST" name="Default suite" finished-at="2026-03-11T16:53:04 IST" duration-ms="22043">
    <groups>
    </groups>
    <test started-at="2026-03-11T16:52:42 IST" name="Default test" finished-at="2026-03-11T16:53:04 IST" duration-ms="22043">
      <class name="TestNGFramework_OrderSubmitTest.OrderSubmitE2ETest">
        <test-method is-config="true" signature="setUpMethod()[pri:0, instance:TestNGFramework_OrderSubmitTest.OrderSubmitE2ETest@24aed80c]" started-at="2026-03-11T16:52:42 IST" name="setUpMethod" finished-at="2026-03-11T16:52:45 IST" duration-ms="2839" status="PASS">
          <reporter-output>
          </reporter-output>
        </test-method> <!-- setUpMethod -->
        <test-method signature="submitOrderTest()[pri:0, instance:TestNGFramework_OrderSubmitTest.OrderSubmitE2ETest@24aed80c]" started-at="2026-03-11T16:52:45 IST" name="submitOrderTest" finished-at="2026-03-11T16:52:57 IST" duration-ms="12138" status="PASS">
          <reporter-output>
          </reporter-output>
        </test-method> <!-- submitOrderTest -->
        <test-method is-config="true" signature="tearDown()[pri:0, instance:TestNGFramework_OrderSubmitTest.OrderSubmitE2ETest@24aed80c]" started-at="2026-03-11T16:52:57 IST" name="tearDown" finished-at="2026-03-11T16:52:58 IST" duration-ms="446" status="PASS">
          <reporter-output>
          </reporter-output>
        </test-method> <!-- tearDown -->
        <test-method is-config="true" signature="setUpMethod()[pri:0, instance:TestNGFramework_OrderSubmitTest.OrderSubmitE2ETest@24aed80c]" started-at="2026-03-11T16:52:58 IST" name="setUpMethod" finished-at="2026-03-11T16:53:00 IST" duration-ms="2748" status="PASS">
          <reporter-output>
          </reporter-output>
        </test-method> <!-- setUpMethod -->
        <test-method signature="orderHistoryTest()[pri:0, instance:TestNGFramework_OrderSubmitTest.OrderSubmitE2ETest@24aed80c]" started-at="2026-03-11T16:53:00 IST" name="orderHistoryTest" finished-at="2026-03-11T16:53:04 IST" depends-on-methods="TestNGFramework_OrderSubmitTest.OrderSubmitE2ETest.submitOrderTest" duration-ms="3479" status="PASS">
          <reporter-output>
          </reporter-output>
        </test-method> <!-- orderHistoryTest -->
        <test-method is-config="true" signature="tearDown()[pri:0, instance:TestNGFramework_OrderSubmitTest.OrderSubmitE2ETest@24aed80c]" started-at="2026-03-11T16:53:04 IST" name="tearDown" finished-at="2026-03-11T16:53:04 IST" duration-ms="301" status="PASS">
          <reporter-output>
          </reporter-output>
        </test-method> <!-- tearDown -->
      </class> <!-- TestNGFramework_OrderSubmitTest.OrderSubmitE2ETest -->
    </test> <!-- Default test -->
  </suite> <!-- Default suite -->
</testng-results>
