<?xml version="1.0" encoding="UTF-8"?>
<!-- Generated by org.testng.reporters.JUnitReportReporter -->
<testsuite hostname="DESKTOP-FRC4SK8" failures="0" tests="2" name="TestNGFramework_OrderSubmitTest.OrderSubmitE2ETest" time="33.205" errors="0" timestamp="2026-04-20T13:30:26 IST" skipped="0">
  <testcase classname="TestNGFramework_OrderSubmitTest.OrderSubmitE2ETest" name="submitOrderTest" time="21.672"/>
  <testcase classname="TestNGFramework_OrderSubmitTest.OrderSubmitE2ETest" name="orderHistoryTest" time="11.533"/>
</testsuite> <!-- TestNGFramework_OrderSubmitTest.OrderSubmitE2ETest -->
