<?xml version="1.0" encoding="UTF-8"?>
<!-- Generated by org.testng.reporters.JUnitReportReporter -->
<testsuite hostname="DESKTOP-FRC4SK8" failures="0" tests="2" name="E2EFrameworkTest.OrderSubmitE2ETest" time="22.927" errors="0" timestamp="2026-03-03T01:48:00 IST" skipped="0">
  <testcase classname="E2EFrameworkTest.OrderSubmitE2ETest" name="submitOrderTest" time="14.237"/>
  <testcase classname="E2EFrameworkTest.OrderSubmitE2ETest" name="orderHistoryTest" time="8.690"/>
</testsuite> <!-- E2EFrameworkTest.OrderSubmitE2ETest -->
