<?xml version="1.0" encoding="UTF-8"?>
<!-- Generated by org.testng.reporters.JUnitReportReporter -->
<testsuite hostname="DESKTOP-FRC4SK8" failures="0" tests="2" name="TestNGFramework_OrderSubmitTest.LoginErrorValidationTest" time="17.576" errors="0" timestamp="2026-05-01T18:18:46 IST" skipped="0">
  <testcase classname="TestNGFramework_OrderSubmitTest.LoginErrorValidationTest" name="loginErrorValidation" time="7.076"/>
  <testcase classname="TestNGFramework_OrderSubmitTest.LoginErrorValidationTest" name="productErrorValidation" time="10.500"/>
</testsuite> <!-- TestNGFramework_OrderSubmitTest.LoginErrorValidationTest -->
