<?xml version="1.0" encoding="UTF-8"?>
<!-- Generated by org.testng.reporters.JUnitReportReporter -->
<testsuite hostname="DESKTOP-FRC4SK8" failures="0" tests="4" name="TestNgTutorial.TestNgDataProvider_Json" time="0.019" errors="0" timestamp="2026-02-28T17:50:24 IST" skipped="0">
  <testcase classname="TestNgTutorial.TestNgDataProvider_Json" name="enterTestDate" time="0.002"/>
  <testcase classname="TestNgTutorial.TestNgDataProvider_Json" name="enterTestDate" time="0.003"/>
  <testcase classname="TestNgTutorial.TestNgDataProvider_Json" name="enterTestDate" time="0.002"/>
  <testcase classname="TestNgTutorial.TestNgDataProvider_Json" name="enterTestDate" time="0.012"/>
</testsuite> <!-- TestNgTutorial.TestNgDataProvider_Json -->
