<?xml version="1.0" encoding="UTF-8"?>
<!-- Generated by org.testng.reporters.JUnitReportReporter -->
<testsuite hostname="DESKTOP-FRC4SK8" failures="0" tests="4" name="TestNgTutorial.TestNgDataProvider" time="0.021" errors="0" timestamp="2026-02-16T22:00:27 IST" skipped="0">
  <testcase classname="TestNgTutorial.TestNgDataProvider" name="enterTestDate" time="0.004"/>
  <testcase classname="TestNgTutorial.TestNgDataProvider" name="enterTestDate" time="0.013"/>
  <testcase classname="TestNgTutorial.TestNgDataProvider" name="enterTestDate" time="0.002"/>
  <testcase classname="TestNgTutorial.TestNgDataProvider" name="enterTestDate" time="0.002"/>
</testsuite> <!-- TestNgTutorial.TestNgDataProvider -->
