<?xml version="1.0" encoding="UTF-8"?>
<!-- Generated by org.testng.reporters.JUnitReportReporter -->
<testsuite hostname="DESKTOP-FRC4SK8" failures="0" tests="2" name="TestNGFramework_OrderSubmitTest.LoginErrorValidationTest" time="24.895" errors="0" timestamp="2026-04-20T13:30:26 IST" skipped="0">
  <testcase classname="TestNGFramework_OrderSubmitTest.LoginErrorValidationTest" name="loginErrorValidation" time="10.665"/>
  <testcase classname="TestNGFramework_OrderSubmitTest.LoginErrorValidationTest" name="productErrorValidation" time="14.230"/>
</testsuite> <!-- TestNGFramework_OrderSubmitTest.LoginErrorValidationTest -->
