<?xml version="1.0" encoding="UTF-8"?>
<!-- Generated by org.testng.reporters.JUnitReportReporter -->
<testsuite hostname="DESKTOP-FRC4SK8" failures="1" tests="3" name="CucumberRunner.GreenKartRunner" time="49.912" errors="0" timestamp="2026-03-08T01:24:22 IST" skipped="0">
  <testcase classname="CucumberRunner.GreenKartRunner" name="runScenario" time="15.705"/>
  <testcase classname="CucumberRunner.GreenKartRunner" name="runScenario" time="18.115"/>
  <testcase classname="CucumberRunner.GreenKartRunner" name="runScenario" time="16.092">
    <failure message="expected [Beetroot] but found [No data]" type="java.lang.AssertionError">
      <![CDATA[java.lang.AssertionError: expected [Beetroot] but found [No data]
at org.testng.Assert.fail(Assert.java:111)
at org.testng.Assert.failNotEquals(Assert.java:1590)
at org.testng.Assert.assertEqualsImpl(Assert.java:150)
at org.testng.Assert.assertEquals(Assert.java:132)
at org.testng.Assert.assertEquals(Assert.java:656)
at org.testng.Assert.assertEquals(Assert.java:666)
at StepDefinitions.GreenKartOffersPageSteps.check_product_exists(GreenKartOffersPageSteps.java:40)
at ✽.Check product exists(file:///C:/Users/MSUSERSL123/eclipse-workspace/SeleniumTutorial/src/test/java/FeatureFiles/SearchGreenKartProduct.feature:11)
]]>
    </failure>
  </testcase> <!-- runScenario -->
</testsuite> <!-- CucumberRunner.GreenKartRunner -->
