<?xml version="1.0" encoding="UTF-8"?>
<!-- Generated by org.testng.reporters.JUnitReportReporter -->
<testsuite hostname="DESKTOP-FRC4SK8" failures="0" tests="4" name="TestNgTutorial.TestNgDataProvider_Json" time="0.039" errors="0" timestamp="2026-04-19T00:00:00 IST" skipped="0">
  <testcase classname="TestNgTutorial.TestNgDataProvider_Json" name="enterTestDate" time="0.007"/>
  <testcase classname="TestNgTutorial.TestNgDataProvider_Json" name="enterTestDate" time="0.005"/>
  <testcase classname="TestNgTutorial.TestNgDataProvider_Json" name="enterTestDate" time="0.024"/>
  <testcase classname="TestNgTutorial.TestNgDataProvider_Json" name="enterTestDate" time="0.003"/>
</testsuite> <!-- TestNgTutorial.TestNgDataProvider_Json -->
