<?xml version="1.0" encoding="UTF-8"?>
<!-- Generated by org.testng.reporters.JUnitReportReporter -->
<testsuite hostname="DESKTOP-FRC4SK8" failures="0" tests="3" name="CucumberRunner.TestNgRunner" time="0.166" errors="0" timestamp="2026-03-04T02:18:49 IST" skipped="0">
  <testcase classname="CucumberRunner.TestNgRunner" name="runScenario" time="0.144"/>
  <testcase classname="CucumberRunner.TestNgRunner" name="runScenario" time="0.017"/>
  <testcase classname="CucumberRunner.TestNgRunner" name="runScenario" time="0.005"/>
</testsuite> <!-- CucumberRunner.TestNgRunner -->
