<?xml version="1.0" encoding="UTF-8"?>
<!-- Generated by org.testng.reporters.JUnitReportReporter -->
<testsuite hostname="DESKTOP-FRC4SK8" failures="0" tests="4" name="TestNgTutorial.TestNgDataProvider_Excel" time="0.022" errors="0" timestamp="2026-03-09T13:54:39 IST" skipped="0">
  <testcase classname="TestNgTutorial.TestNgDataProvider_Excel" name="enterTestDate" time="0.003"/>
  <testcase classname="TestNgTutorial.TestNgDataProvider_Excel" name="enterTestDate" time="0.014"/>
  <testcase classname="TestNgTutorial.TestNgDataProvider_Excel" name="enterTestDate" time="0.002"/>
  <testcase classname="TestNgTutorial.TestNgDataProvider_Excel" name="enterTestDate" time="0.003"/>
</testsuite> <!-- TestNgTutorial.TestNgDataProvider_Excel -->
