<?xml version="1.0" encoding="UTF-8"?>
<!-- Generated by org.testng.reporters.JUnitReportReporter -->
<testsuite hostname="DESKTOP-FRC4SK8" failures="0" tests="2" name="TestNgTutorial.TestNgBasics" time="0.010" errors="0" timestamp="2026-02-12T12:36:27 IST" skipped="0">
  <testcase classname="TestNgTutorial.TestNgBasics" name="googleTitleTest" time="0.004"/>
  <testcase classname="TestNgTutorial.TestNgBasics" name="googleSearchTest" time="0.006"/>
</testsuite> <!-- TestNgTutorial.TestNgBasics -->
