<?xml version="1.0" encoding="UTF-8"?>
<!-- Generated by org.testng.reporters.JUnitReportReporter -->
<testsuite hostname="DESKTOP-FRC4SK8" failures="0" tests="3" name="CucumberRunner.ApplicationLoginRunner" time="0.289" errors="0" timestamp="2026-03-11T16:17:41 IST" skipped="0">
  <testcase classname="CucumberRunner.ApplicationLoginRunner" name="runScenario" time="0.028"/>
  <testcase classname="CucumberRunner.ApplicationLoginRunner" name="runScenario" time="0.037"/>
  <testcase classname="CucumberRunner.ApplicationLoginRunner" name="runScenario" time="0.224"/>
</testsuite> <!-- CucumberRunner.ApplicationLoginRunner -->
