<?xml version="1.0" encoding="UTF-8"?>
<!-- Generated by org.testng.reporters.JUnitReportReporter -->
<testsuite hostname="DESKTOP-FRC4SK8" failures="0" tests="2" name="E2EFrameworkTest.LoginErrorValidationTest" time="18.822" errors="0" timestamp="2026-03-01T18:12:12 IST" skipped="0">
  <testcase classname="E2EFrameworkTest.LoginErrorValidationTest" name="productErrorValidation" time="12.041"/>
  <testcase classname="E2EFrameworkTest.LoginErrorValidationTest" name="loginErrorValidation" time="6.781"/>
</testsuite> <!-- E2EFrameworkTest.LoginErrorValidationTest -->
