<?xml version="1.0" encoding="UTF-8"?>
<!-- Generated by org.testng.reporters.JUnitReportReporter -->
<testsuite hostname="DESKTOP-FRC4SK8" failures="0" tests="3" name="CucumberRunner.ApplicationLoginRunner" time="0.163" errors="0" timestamp="2026-03-08T01:43:06 IST" skipped="0">
  <testcase classname="CucumberRunner.ApplicationLoginRunner" name="runScenario" time="0.014"/>
  <testcase classname="CucumberRunner.ApplicationLoginRunner" name="runScenario" time="0.025"/>
  <testcase classname="CucumberRunner.ApplicationLoginRunner" name="runScenario" time="0.124"/>
</testsuite> <!-- CucumberRunner.ApplicationLoginRunner -->
