<?xml version="1.0" encoding="UTF-8"?>
<!-- Generated by org.testng.reporters.JUnitReportReporter -->
<testsuite hostname="DESKTOP-FRC4SK8" failures="1" tests="2" name="CucumberRunner.E2EOrderSubmitRunner" time="32.443" errors="0" timestamp="2026-03-23T03:28:13 IST" skipped="0">
  <testcase classname="CucumberRunner.E2EOrderSubmitRunner" name="runScenario" time="21.313">
    <failure message="expected [THANKYOU FOR THE ORDER.] but found [THANKYOU FOR THE ORDER1.]" type="java.lang.AssertionError">
      <![CDATA[java.lang.AssertionError: expected [THANKYOU FOR THE ORDER.] but found [THANKYOU FOR THE ORDER1.]
at org.testng.Assert.fail(Assert.java:111)
at org.testng.Assert.failNotEquals(Assert.java:1590)
at org.testng.Assert.assertEqualsImpl(Assert.java:150)
at org.testng.Assert.assertEquals(Assert.java:132)
at org.testng.Assert.assertEquals(Assert.java:656)
at org.testng.Assert.assertEquals(Assert.java:666)
at StepDefinitions.OrderSubmitSteps.verifyConfirmationMessage(OrderSubmitSteps.java:92)
at ✽."THANKYOU FOR THE ORDER1." message displayed on confirmation page(file:///C:/Users/MSUSERSL123/eclipse-workspace/SeleniumTutorial/src/test/java/FeatureFiles/OrderSubmit.feature:25)
]]>
    </failure>
  </testcase> <!-- runScenario -->
  <testcase classname="CucumberRunner.E2EOrderSubmitRunner" name="runScenario" time="11.130"/>
</testsuite> <!-- CucumberRunner.E2EOrderSubmitRunner -->
