<?xml version="1.0" encoding="UTF-8"?>
<!-- Generated by org.testng.reporters.JUnitReportReporter -->
<testsuite hostname="DESKTOP-FRC4SK8" failures="0" tests="2" name="TestNGFramework_OrderSubmitTest.OrderSubmitE2ETest" time="20.324" errors="0" timestamp="2026-03-08T01:47:22 IST" skipped="0">
  <testcase classname="TestNGFramework_OrderSubmitTest.OrderSubmitE2ETest" name="orderHistoryTest" time="6.057"/>
  <testcase classname="TestNGFramework_OrderSubmitTest.OrderSubmitE2ETest" name="submitOrderTest" time="14.267"/>
</testsuite> <!-- TestNGFramework_OrderSubmitTest.OrderSubmitE2ETest -->
