<?xml version="1.0" encoding="UTF-8"?>
<!-- Generated by org.testng.reporters.JUnitReportReporter -->
<testsuite hostname="DESKTOP-FRC4SK8" failures="0" tests="3" name="CucumberRunner.TestNgRunner" time="0.099" errors="0" timestamp="2026-03-04T02:15:51 IST" skipped="0">
  <testcase classname="CucumberRunner.TestNgRunner" name="runScenario" time="0.082"/>
  <testcase classname="CucumberRunner.TestNgRunner" name="runScenario" time="0.003"/>
  <testcase classname="CucumberRunner.TestNgRunner" name="runScenario" time="0.014"/>
</testsuite> <!-- CucumberRunner.TestNgRunner -->
