<?xml version="1.0" encoding="UTF-8"?>
<!-- Generated by org.testng.reporters.JUnitReportReporter -->
<testsuite hostname="DESKTOP-FRC4SK8" failures="0" tests="2" name="TestNGFramework_OrderSubmitTest.LoginErrorValidationTest" time="13.421" errors="0" timestamp="2026-03-08T01:47:22 IST" skipped="0">
  <testcase classname="TestNGFramework_OrderSubmitTest.LoginErrorValidationTest" name="loginErrorValidation" time="4.602"/>
  <testcase classname="TestNGFramework_OrderSubmitTest.LoginErrorValidationTest" name="productErrorValidation" time="8.819"/>
</testsuite> <!-- TestNGFramework_OrderSubmitTest.LoginErrorValidationTest -->
