<?xml version="1.0" encoding="UTF-8"?>
<!-- Generated by org.testng.reporters.JUnitReportReporter -->
<testsuite hostname="DESKTOP-FRC4SK8" failures="0" tests="2" name="CucumberRunner.E2EOrderSubmitRunner" time="21.199" errors="0" timestamp="2026-05-07T15:06:48 IST" skipped="0">
  <testcase classname="CucumberRunner.E2EOrderSubmitRunner" name="runScenario" time="15.733"/>
  <testcase classname="CucumberRunner.E2EOrderSubmitRunner" name="runScenario" time="5.466"/>
</testsuite> <!-- CucumberRunner.E2EOrderSubmitRunner -->
