<?xml version="1.0" encoding="UTF-8"?>
<!-- Generated by org.testng.reporters.JUnitXMLReporter -->
<testsuite ignored="0" hostname="DESKTOP-FRC4SK8" failures="0" tests="2" name="E2EFrameworkTest" time="33.614" errors="0" timestamp="2026-04-20T13:30:25 IST">
  <testcase classname="TestNGFramework_OrderSubmitTest.OrderSubmitE2ETest" name="submitOrderTest" time="17.519"/>
  <testcase classname="TestNGFramework_OrderSubmitTest.OrderSubmitE2ETest" name="orderHistoryTest" time="3.263"/>
</testsuite> <!-- E2EFrameworkTest -->
