<?xml version="1.0" encoding="UTF-8"?>
<!-- Generated by org.testng.reporters.JUnitXMLReporter -->
<testsuite ignored="0" hostname="DESKTOP-FRC4SK8" failures="1" tests="2" name="E2EValidationTest" time="17.894" errors="0" timestamp="2026-03-03T01:49:18 IST">
  <testcase classname="E2EFrameworkTest.LoginErrorValidationTest" name="loginErrorValidation" time="3.556">
    <failure type="java.lang.AssertionError" message="expected [Login Successfully] but found [Incorrect email or password.]">
      <![CDATA[java.lang.AssertionError: expected [Login Successfully] but found [Incorrect email or password.]
at E2EFrameworkTest.LoginErrorValidationTest.loginErrorValidation(LoginErrorValidationTest.java:42)
at java.base/java.util.ArrayList.forEach(ArrayList.java:1596)
at java.base/java.util.concurrent.FutureTask.run(FutureTask.java:317)
at java.base/java.util.concurrent.ThreadPoolExecutor.runWorker(ThreadPoolExecutor.java:1144)
at java.base/java.util.concurrent.ThreadPoolExecutor$Worker.run(ThreadPoolExecutor.java:642)
at java.base/java.lang.Thread.run(Thread.java:1583)
... Removed 21 stack frames]]>
    </failure>
  </testcase> <!-- loginErrorValidation -->
  <testcase classname="E2EFrameworkTest.LoginErrorValidationTest" name="productErrorValidation" time="5.77"/>
</testsuite> <!-- E2EValidationTest -->
