<?xml version="1.0" encoding="UTF-8"?>
<!-- Generated by org.testng.reporters.JUnitXMLReporter -->
<testsuite ignored="0" hostname="DESKTOP-FRC4SK8" failures="0" tests="2" name="E2EValidationTest" time="25.417" errors="0" timestamp="2026-04-20T13:30:18 IST">
  <testcase classname="TestNGFramework_OrderSubmitTest.LoginErrorValidationTest" name="loginErrorValidation" time="1.776"/>
  <testcase classname="TestNGFramework_OrderSubmitTest.LoginErrorValidationTest" name="productErrorValidation" time="5.659"/>
</testsuite> <!-- E2EValidationTest -->
