<?xml version="1.0" encoding="UTF-8"?>
<!-- Generated by org.testng.reporters.JUnitXMLReporter -->
<testsuite ignored="0" hostname="DESKTOP-FRC4SK8" failures="1" tests="3" name="ListenerTest" time="0.072" errors="0" timestamp="2026-02-25T23:17:51 IST">
  <testcase classname="TestNgTutorial.TestNgAnnotations_1" name="googleLogoTest" time="0.004"/>
  <testcase classname="TestNgTutorial.TestNgAnnotations_1" name="googleSearchTest" time="0.003"/>
  <testcase classname="TestNgTutorial.TestNgAnnotations_1" name="googleTitleTest" time="0.008">
    <failure type="java.lang.AssertionError" message="expected [true] but found [false]">
      <![CDATA[java.lang.AssertionError: expected [true] but found [false]
at TestNgTutorial.TestNgAnnotations_1.googleTitleTest(TestNgAnnotations_1.java:44)
at java.base/java.util.ArrayList.forEach(ArrayList.java:1596)
... Removed 29 stack frames]]>
    </failure>
  </testcase> <!-- googleTitleTest -->
</testsuite> <!-- ListenerTest -->
