<?xml version="1.0" encoding="UTF-8"?>
<!-- Generated by org.testng.reporters.JUnitXMLReporter -->
<testsuite ignored="6" hostname="DESKTOP-FRC4SK8" failures="0" tests="1" name="Regression" time="0.083" errors="0" timestamp="2026-02-16T23:59:09 IST">
  <testcase classname="TestNgTutorial.TestNgAnnotations_2" name="googleSearchTest" time="0.012"/>
  <testcase classname="TestNgTutorial.TestNgAnnotations_2" name="skipTest" time="0.0">
    <ignored/>
  </testcase> <!-- skipTest -->
  <testcase classname="TestNgTutorial.TestNgAnnotations_2" name="googleTitleTest" time="0.0">
    <ignored/>
  </testcase> <!-- googleTitleTest -->
  <testcase classname="TestNgTutorial.TestNgAnnotations_2" name="timeOutTest" time="0.0">
    <ignored/>
  </testcase> <!-- timeOutTest -->
  <testcase classname="TestNgTutorial.TestNgAnnotations_2" name="invocationCountTest" time="0.0">
    <ignored/>
  </testcase> <!-- invocationCountTest -->
  <testcase classname="TestNgTutorial.TestNgAnnotations_2" name="expectedExceptionTest" time="0.0">
    <ignored/>
  </testcase> <!-- expectedExceptionTest -->
  <testcase classname="TestNgTutorial.TestNgAnnotations_2" name="googleLogoTest" time="0.0">
    <ignored/>
  </testcase> <!-- googleLogoTest -->
</testsuite> <!-- Regression -->
