<?xml version="1.0" encoding="UTF-8"?>
<!-- Generated by org.testng.reporters.JUnitXMLReporter -->
<testsuite ignored="1" hostname="DESKTOP-FRC4SK8" failures="3" tests="20" name="Smoke" time="10.362" errors="0" timestamp="2026-02-16T22:00:26 IST">
  <testcase classname="TestNgTutorial.AssertionTest" name="assertionTest" time="0.02">
    <failure type="java.lang.AssertionError" message="The following asserts failed:
	Browser launch fail expected [true] but found [false],
	Data entry fail expected [true] but found [false]">
      <![CDATA[java.lang.AssertionError: The following asserts failed:
Browser launch fail expected [true] but found [false],
Data entry fail expected [true] but found [false]
at TestNgTutorial.AssertionTest.assertionTest(AssertionTest.java:51)
at java.base/java.util.ArrayList.forEach(ArrayList.java:1596)
... Removed 27 stack frames]]>
    </failure>
  </testcase> <!-- assertionTest -->
  <testcase classname="TestNgTutorial.AssertionTest" name="getTitle" time="2.981"/>
  <testcase classname="TestNgTutorial.ParametersTest" name="loginTest" time="4.983"/>
  <testcase classname="TestNgTutorial.TestNgAnnotations_1" name="googleLogoTest" time="0.004"/>
  <testcase classname="TestNgTutorial.TestNgAnnotations_1" name="googleSearchTest" time="0.002"/>
  <testcase classname="TestNgTutorial.TestNgAnnotations_1" name="googleTitleTest" time="0.01"/>
  <testcase classname="TestNgTutorial.TestNgAnnotations_2" name="expectedExceptionTest" time="0.005"/>
  <testcase classname="TestNgTutorial.TestNgAnnotations_2" name="invocationCountTest" time="0.002"/>
  <testcase classname="TestNgTutorial.TestNgAnnotations_2" name="invocationCountTest" time="0.002"/>
  <testcase classname="TestNgTutorial.TestNgAnnotations_2" name="invocationCountTest" time="0.001"/>
  <testcase classname="TestNgTutorial.TestNgAnnotations_2" name="invocationCountTest" time="0.001"/>
  <testcase classname="TestNgTutorial.TestNgAnnotations_2" name="invocationCountTest" time="0.009"/>
  <testcase classname="TestNgTutorial.TestNgAnnotations_2" name="timeOutTest" time="2.017">
    <failure type="org.testng.internal.thread.ThreadTimeoutException" message="Method TestNgTutorial.TestNgAnnotations_2.timeOutTest() didn&amp;apos;t finish within the time-out 2000">
      <![CDATA[org.testng.internal.thread.ThreadTimeoutException: Method TestNgTutorial.TestNgAnnotations_2.timeOutTest() didn't finish within the time-out 2000
at java.base/java.lang.Thread.sleep0(Native Method)
at java.base/java.lang.Thread.sleep(Thread.java:509)
at TestNgTutorial.TestNgAnnotations_2.timeOutTest(TestNgAnnotations_2.java:47)
at java.base/java.util.concurrent.FutureTask.run(FutureTask.java:317)
at java.base/java.util.concurrent.ThreadPoolExecutor.runWorker(ThreadPoolExecutor.java:1144)
at java.base/java.util.concurrent.ThreadPoolExecutor$Worker.run(ThreadPoolExecutor.java:642)
at java.base/java.lang.Thread.run(Thread.java:1583)
... Removed 6 stack frames]]>
    </failure>
  </testcase> <!-- timeOutTest -->
  <testcase classname="TestNgTutorial.TestNgAnnotations_2" name="googleTitleTest" time="0.006">
    <failure type="java.lang.AssertionError" message="expected [true] but found [false]">
      <![CDATA[java.lang.AssertionError: expected [true] but found [false]
at TestNgTutorial.TestNgAnnotations_2.googleTitleTest(TestNgAnnotations_2.java:21)
at java.base/java.util.ArrayList.forEach(ArrayList.java:1596)
... Removed 29 stack frames]]>
    </failure>
  </testcase> <!-- googleTitleTest -->
  <testcase classname="TestNgTutorial.TestNgAnnotations_2" name="googleLogoTest" time="0.0">
    <skipped/>
  </testcase> <!-- googleLogoTest -->
  <testcase classname="TestNgTutorial.TestNgAnnotations_2" name="googleSearchTest" time="0.009"/>
  <testcase classname="TestNgTutorial.TestNgDataProvider" name="enterTestDate" time="0.013"/>
  <testcase classname="TestNgTutorial.TestNgDataProvider" name="enterTestDate" time="0.004"/>
  <testcase classname="TestNgTutorial.TestNgDataProvider" name="enterTestDate" time="0.002"/>
  <testcase classname="TestNgTutorial.TestNgDataProvider" name="enterTestDate" time="0.002"/>
  <testcase classname="TestNgTutorial.TestNgAnnotations_2" name="skipTest" time="0.0">
    <ignored/>
  </testcase> <!-- skipTest -->
</testsuite> <!-- Smoke -->
